DEB [20161216-16:09:49.278] thr=1   paramiko.transport: starting thread (client mode): 0x10d0f6d0L
DEB [20161216-16:09:49.278] thr=1   paramiko.transport: Local version/idstring: SSH-2.0-paramiko_2.0.2
DEB [20161216-16:09:49.294] thr=1   paramiko.transport: Remote version/idstring: SSH-2.0-OpenSSH_6.9p1 Ubuntu-2ubuntu0.2
INF [20161216-16:09:49.294] thr=1   paramiko.transport: Connected (version 2.0, client OpenSSH_6.9p1)
DEB [20161216-16:09:49.302] thr=1   paramiko.transport: kex algos:[u'curve25519-sha256@libssh.org', u'ecdh-sha2-nistp256', u'ecdh-sha2-nistp384', u'ecdh-sha2-nistp521', u'diffie-hellman-group-exchange-sha256', u'diffie-hellman-group14-sha1'] server key:[u'ssh-rsa', u'ssh-dss', u'ecdsa-sha2-nistp256', u'ssh-ed25519'] client encrypt:[u'chacha20-poly1305@openssh.com', u'aes128-ctr', u'aes192-ctr', u'aes256-ctr', u'aes128-gcm@openssh.com', u'aes256-gcm@openssh.com'] server encrypt:[u'chacha20-poly1305@openssh.com', u'aes128-ctr', u'aes192-ctr', u'aes256-ctr', u'aes128-gcm@openssh.com', u'aes256-gcm@openssh.com'] client mac:[u'umac-64-etm@openssh.com', u'umac-128-etm@openssh.com', u'hmac-sha2-256-etm@openssh.com', u'hmac-sha2-512-etm@openssh.com', u'hmac-sha1-etm@openssh.com', u'umac-64@openssh.com', u'umac-128@openssh.com', u'hmac-sha2-256', u'hmac-sha2-512', u'hmac-sha1'] server mac:[u'umac-64-etm@openssh.com', u'umac-128-etm@openssh.com', u'hmac-sha2-256-etm@openssh.com', u'hmac-sha2-512-etm@openssh.com', u'hmac-sha1-etm@openssh.com', u'umac-64@openssh.com', u'umac-128@openssh.com', u'hmac-sha2-256', u'hmac-sha2-512', u'hmac-sha1'] client compress:[u'none', u'zlib@openssh.com'] server compress:[u'none', u'zlib@openssh.com'] client lang:[u''] server lang:[u''] kex follows?False
DEB [20161216-16:09:49.302] thr=1   paramiko.transport: Kex agreed: diffie-hellman-group14-sha1
DEB [20161216-16:09:49.302] thr=1   paramiko.transport: Cipher agreed: aes128-ctr
DEB [20161216-16:09:49.302] thr=1   paramiko.transport: MAC agreed: hmac-sha2-256
DEB [20161216-16:09:49.303] thr=1   paramiko.transport: Compression agreed: none
DEB [20161216-16:09:49.432] thr=1   paramiko.transport: kex engine KexGroup14 specified hash_algo <built-in function openssl_sha1>
DEB [20161216-16:09:49.432] thr=1   paramiko.transport: Switch to new keys ...
DEB [20161216-16:09:49.437] thr=2   paramiko.transport: Adding ssh-rsa host key for theeditor.ddns.net: 676157cd2e32386c0e9a0f666d24801c
DEB [20161216-16:09:49.485] thr=1   paramiko.transport: userauth is OK
INF [20161216-16:09:51.157] thr=1   paramiko.transport: Authentication (password) failed.
DEB [20161216-16:09:51.262] thr=1   paramiko.transport: EOF in transport thread
DEB [20161216-16:09:52.302] thr=3   paramiko.transport: starting thread (client mode): 0x10d0f550L
DEB [20161216-16:09:52.302] thr=3   paramiko.transport: Local version/idstring: SSH-2.0-paramiko_2.0.2
DEB [20161216-16:09:52.351] thr=3   paramiko.transport: Remote version/idstring: SSH-2.0-OpenSSH_6.9p1 Ubuntu-2ubuntu0.2
INF [20161216-16:09:52.351] thr=3   paramiko.transport: Connected (version 2.0, client OpenSSH_6.9p1)
DEB [20161216-16:09:52.358] thr=3   paramiko.transport: kex algos:[u'curve25519-sha256@libssh.org', u'ecdh-sha2-nistp256', u'ecdh-sha2-nistp384', u'ecdh-sha2-nistp521', u'diffie-hellman-group-exchange-sha256', u'diffie-hellman-group14-sha1'] server key:[u'ssh-rsa', u'ssh-dss', u'ecdsa-sha2-nistp256', u'ssh-ed25519'] client encrypt:[u'chacha20-poly1305@openssh.com', u'aes128-ctr', u'aes192-ctr', u'aes256-ctr', u'aes128-gcm@openssh.com', u'aes256-gcm@openssh.com'] server encrypt:[u'chacha20-poly1305@openssh.com', u'aes128-ctr', u'aes192-ctr', u'aes256-ctr', u'aes128-gcm@openssh.com', u'aes256-gcm@openssh.com'] client mac:[u'umac-64-etm@openssh.com', u'umac-128-etm@openssh.com', u'hmac-sha2-256-etm@openssh.com', u'hmac-sha2-512-etm@openssh.com', u'hmac-sha1-etm@openssh.com', u'umac-64@openssh.com', u'umac-128@openssh.com', u'hmac-sha2-256', u'hmac-sha2-512', u'hmac-sha1'] server mac:[u'umac-64-etm@openssh.com', u'umac-128-etm@openssh.com', u'hmac-sha2-256-etm@openssh.com', u'hmac-sha2-512-etm@openssh.com', u'hmac-sha1-etm@openssh.com', u'umac-64@openssh.com', u'umac-128@openssh.com', u'hmac-sha2-256', u'hmac-sha2-512', u'hmac-sha1'] client compress:[u'none', u'zlib@openssh.com'] server compress:[u'none', u'zlib@openssh.com'] client lang:[u''] server lang:[u''] kex follows?False
DEB [20161216-16:09:52.358] thr=3   paramiko.transport: Kex agreed: diffie-hellman-group14-sha1
DEB [20161216-16:09:52.358] thr=3   paramiko.transport: Cipher agreed: aes128-ctr
DEB [20161216-16:09:52.359] thr=3   paramiko.transport: MAC agreed: hmac-sha2-256
DEB [20161216-16:09:52.359] thr=3   paramiko.transport: Compression agreed: none
DEB [20161216-16:09:52.402] thr=3   paramiko.transport: kex engine KexGroup14 specified hash_algo <built-in function openssl_sha1>
DEB [20161216-16:09:52.402] thr=3   paramiko.transport: Switch to new keys ...
DEB [20161216-16:09:52.403] thr=2   paramiko.transport: Adding ssh-rsa host key for theeditor.ddns.net: 676157cd2e32386c0e9a0f666d24801c
DEB [20161216-16:09:52.457] thr=3   paramiko.transport: userauth is OK
INF [20161216-16:09:54.877] thr=3   paramiko.transport: Authentication (password) failed.
DEB [20161216-16:09:54.982] thr=3   paramiko.transport: EOF in transport thread
DEB [20161216-16:09:56.031] thr=4   paramiko.transport: starting thread (client mode): 0x10d0f8d0L
DEB [20161216-16:09:56.032] thr=4   paramiko.transport: Local version/idstring: SSH-2.0-paramiko_2.0.2
DEB [20161216-16:09:56.048] thr=4   paramiko.transport: Remote version/idstring: SSH-2.0-OpenSSH_6.9p1 Ubuntu-2ubuntu0.2
INF [20161216-16:09:56.048] thr=4   paramiko.transport: Connected (version 2.0, client OpenSSH_6.9p1)
DEB [20161216-16:09:56.056] thr=4   paramiko.transport: kex algos:[u'curve25519-sha256@libssh.org', u'ecdh-sha2-nistp256', u'ecdh-sha2-nistp384', u'ecdh-sha2-nistp521', u'diffie-hellman-group-exchange-sha256', u'diffie-hellman-group14-sha1'] server key:[u'ssh-rsa', u'ssh-dss', u'ecdsa-sha2-nistp256', u'ssh-ed25519'] client encrypt:[u'chacha20-poly1305@openssh.com', u'aes128-ctr', u'aes192-ctr', u'aes256-ctr', u'aes128-gcm@openssh.com', u'aes256-gcm@openssh.com'] server encrypt:[u'chacha20-poly1305@openssh.com', u'aes128-ctr', u'aes192-ctr', u'aes256-ctr', u'aes128-gcm@openssh.com', u'aes256-gcm@openssh.com'] client mac:[u'umac-64-etm@openssh.com', u'umac-128-etm@openssh.com', u'hmac-sha2-256-etm@openssh.com', u'hmac-sha2-512-etm@openssh.com', u'hmac-sha1-etm@openssh.com', u'umac-64@openssh.com', u'umac-128@openssh.com', u'hmac-sha2-256', u'hmac-sha2-512', u'hmac-sha1'] server mac:[u'umac-64-etm@openssh.com', u'umac-128-etm@openssh.com', u'hmac-sha2-256-etm@openssh.com', u'hmac-sha2-512-etm@openssh.com', u'hmac-sha1-etm@openssh.com', u'umac-64@openssh.com', u'umac-128@openssh.com', u'hmac-sha2-256', u'hmac-sha2-512', u'hmac-sha1'] client compress:[u'none', u'zlib@openssh.com'] server compress:[u'none', u'zlib@openssh.com'] client lang:[u''] server lang:[u''] kex follows?False
DEB [20161216-16:09:56.056] thr=4   paramiko.transport: Kex agreed: diffie-hellman-group14-sha1
DEB [20161216-16:09:56.056] thr=4   paramiko.transport: Cipher agreed: aes128-ctr
DEB [20161216-16:09:56.056] thr=4   paramiko.transport: MAC agreed: hmac-sha2-256
DEB [20161216-16:09:56.056] thr=4   paramiko.transport: Compression agreed: none
DEB [20161216-16:09:56.125] thr=4   paramiko.transport: kex engine KexGroup14 specified hash_algo <built-in function openssl_sha1>
DEB [20161216-16:09:56.125] thr=4   paramiko.transport: Switch to new keys ...
DEB [20161216-16:09:56.135] thr=2   paramiko.transport: Adding ssh-rsa host key for theeditor.ddns.net: 676157cd2e32386c0e9a0f666d24801c
DEB [20161216-16:09:56.176] thr=4   paramiko.transport: userauth is OK
INF [20161216-16:09:58.145] thr=4   paramiko.transport: Authentication (password) failed.
DEB [20161216-16:09:58.251] thr=4   paramiko.transport: EOF in transport thread
DEB [20161216-16:09:59.309] thr=3   paramiko.transport: starting thread (client mode): 0x10d0f550L
DEB [20161216-16:09:59.309] thr=3   paramiko.transport: Local version/idstring: SSH-2.0-paramiko_2.0.2
DEB [20161216-16:09:59.350] thr=3   paramiko.transport: Remote version/idstring: SSH-2.0-OpenSSH_6.9p1 Ubuntu-2ubuntu0.2
INF [20161216-16:09:59.350] thr=3   paramiko.transport: Connected (version 2.0, client OpenSSH_6.9p1)
DEB [20161216-16:09:59.358] thr=3   paramiko.transport: kex algos:[u'curve25519-sha256@libssh.org', u'ecdh-sha2-nistp256', u'ecdh-sha2-nistp384', u'ecdh-sha2-nistp521', u'diffie-hellman-group-exchange-sha256', u'diffie-hellman-group14-sha1'] server key:[u'ssh-rsa', u'ssh-dss', u'ecdsa-sha2-nistp256', u'ssh-ed25519'] client encrypt:[u'chacha20-poly1305@openssh.com', u'aes128-ctr', u'aes192-ctr', u'aes256-ctr', u'aes128-gcm@openssh.com', u'aes256-gcm@openssh.com'] server encrypt:[u'chacha20-poly1305@openssh.com', u'aes128-ctr', u'aes192-ctr', u'aes256-ctr', u'aes128-gcm@openssh.com', u'aes256-gcm@openssh.com'] client mac:[u'umac-64-etm@openssh.com', u'umac-128-etm@openssh.com', u'hmac-sha2-256-etm@openssh.com', u'hmac-sha2-512-etm@openssh.com', u'hmac-sha1-etm@openssh.com', u'umac-64@openssh.com', u'umac-128@openssh.com', u'hmac-sha2-256', u'hmac-sha2-512', u'hmac-sha1'] server mac:[u'umac-64-etm@openssh.com', u'umac-128-etm@openssh.com', u'hmac-sha2-256-etm@openssh.com', u'hmac-sha2-512-etm@openssh.com', u'hmac-sha1-etm@openssh.com', u'umac-64@openssh.com', u'umac-128@openssh.com', u'hmac-sha2-256', u'hmac-sha2-512', u'hmac-sha1'] client compress:[u'none', u'zlib@openssh.com'] server compress:[u'none', u'zlib@openssh.com'] client lang:[u''] server lang:[u''] kex follows?False
DEB [20161216-16:09:59.358] thr=3   paramiko.transport: Kex agreed: diffie-hellman-group14-sha1
DEB [20161216-16:09:59.358] thr=3   paramiko.transport: Cipher agreed: aes128-ctr
DEB [20161216-16:09:59.358] thr=3   paramiko.transport: MAC agreed: hmac-sha2-256
DEB [20161216-16:09:59.358] thr=3   paramiko.transport: Compression agreed: none
DEB [20161216-16:09:59.430] thr=3   paramiko.transport: kex engine KexGroup14 specified hash_algo <built-in function openssl_sha1>
DEB [20161216-16:09:59.431] thr=3   paramiko.transport: Switch to new keys ...
DEB [20161216-16:09:59.441] thr=2   paramiko.transport: Adding ssh-rsa host key for theeditor.ddns.net: 676157cd2e32386c0e9a0f666d24801c
DEB [20161216-16:09:59.485] thr=3   paramiko.transport: userauth is OK
INF [20161216-16:10:01.197] thr=3   paramiko.transport: Authentication (password) failed.
DEB [20161216-16:10:01.299] thr=3   paramiko.transport: EOF in transport thread
DEB [20161216-16:10:02.342] thr=5   paramiko.transport: starting thread (client mode): 0x111bf810L
DEB [20161216-16:10:02.342] thr=5   paramiko.transport: Local version/idstring: SSH-2.0-paramiko_2.0.2
DEB [20161216-16:10:02.359] thr=5   paramiko.transport: Remote version/idstring: SSH-2.0-OpenSSH_6.9p1 Ubuntu-2ubuntu0.2
INF [20161216-16:10:02.359] thr=5   paramiko.transport: Connected (version 2.0, client OpenSSH_6.9p1)
DEB [20161216-16:10:02.366] thr=5   paramiko.transport: kex algos:[u'curve25519-sha256@libssh.org', u'ecdh-sha2-nistp256', u'ecdh-sha2-nistp384', u'ecdh-sha2-nistp521', u'diffie-hellman-group-exchange-sha256', u'diffie-hellman-group14-sha1'] server key:[u'ssh-rsa', u'ssh-dss', u'ecdsa-sha2-nistp256', u'ssh-ed25519'] client encrypt:[u'chacha20-poly1305@openssh.com', u'aes128-ctr', u'aes192-ctr', u'aes256-ctr', u'aes128-gcm@openssh.com', u'aes256-gcm@openssh.com'] server encrypt:[u'chacha20-poly1305@openssh.com', u'aes128-ctr', u'aes192-ctr', u'aes256-ctr', u'aes128-gcm@openssh.com', u'aes256-gcm@openssh.com'] client mac:[u'umac-64-etm@openssh.com', u'umac-128-etm@openssh.com', u'hmac-sha2-256-etm@openssh.com', u'hmac-sha2-512-etm@openssh.com', u'hmac-sha1-etm@openssh.com', u'umac-64@openssh.com', u'umac-128@openssh.com', u'hmac-sha2-256', u'hmac-sha2-512', u'hmac-sha1'] server mac:[u'umac-64-etm@openssh.com', u'umac-128-etm@openssh.com', u'hmac-sha2-256-etm@openssh.com', u'hmac-sha2-512-etm@openssh.com', u'hmac-sha1-etm@openssh.com', u'umac-64@openssh.com', u'umac-128@openssh.com', u'hmac-sha2-256', u'hmac-sha2-512', u'hmac-sha1'] client compress:[u'none', u'zlib@openssh.com'] server compress:[u'none', u'zlib@openssh.com'] client lang:[u''] server lang:[u''] kex follows?False
DEB [20161216-16:10:02.366] thr=5   paramiko.transport: Kex agreed: diffie-hellman-group14-sha1
DEB [20161216-16:10:02.367] thr=5   paramiko.transport: Cipher agreed: aes128-ctr
DEB [20161216-16:10:02.367] thr=5   paramiko.transport: MAC agreed: hmac-sha2-256
DEB [20161216-16:10:02.367] thr=5   paramiko.transport: Compression agreed: none
DEB [20161216-16:10:02.437] thr=5   paramiko.transport: kex engine KexGroup14 specified hash_algo <built-in function openssl_sha1>
DEB [20161216-16:10:02.437] thr=5   paramiko.transport: Switch to new keys ...
DEB [20161216-16:10:02.446] thr=2   paramiko.transport: Adding ssh-rsa host key for theeditor.ddns.net: 676157cd2e32386c0e9a0f666d24801c
DEB [20161216-16:10:02.489] thr=5   paramiko.transport: userauth is OK
INF [20161216-16:10:02.518] thr=5   paramiko.transport: Authentication (password) successful!
DEB [20161216-16:10:02.624] thr=5   paramiko.transport: EOF in transport thread
DEB [20161216-16:10:02.651] thr=6   paramiko.transport: starting thread (client mode): 0x111cb850L
DEB [20161216-16:10:02.651] thr=6   paramiko.transport: Local version/idstring: SSH-2.0-paramiko_2.0.2
DEB [20161216-16:10:02.668] thr=6   paramiko.transport: Remote version/idstring: SSH-2.0-OpenSSH_6.9p1 Ubuntu-2ubuntu0.2
INF [20161216-16:10:02.668] thr=6   paramiko.transport: Connected (version 2.0, client OpenSSH_6.9p1)
DEB [20161216-16:10:02.677] thr=6   paramiko.transport: kex algos:[u'curve25519-sha256@libssh.org', u'ecdh-sha2-nistp256', u'ecdh-sha2-nistp384', u'ecdh-sha2-nistp521', u'diffie-hellman-group-exchange-sha256', u'diffie-hellman-group14-sha1'] server key:[u'ssh-rsa', u'ssh-dss', u'ecdsa-sha2-nistp256', u'ssh-ed25519'] client encrypt:[u'chacha20-poly1305@openssh.com', u'aes128-ctr', u'aes192-ctr', u'aes256-ctr', u'aes128-gcm@openssh.com', u'aes256-gcm@openssh.com'] server encrypt:[u'chacha20-poly1305@openssh.com', u'aes128-ctr', u'aes192-ctr', u'aes256-ctr', u'aes128-gcm@openssh.com', u'aes256-gcm@openssh.com'] client mac:[u'umac-64-etm@openssh.com', u'umac-128-etm@openssh.com', u'hmac-sha2-256-etm@openssh.com', u'hmac-sha2-512-etm@openssh.com', u'hmac-sha1-etm@openssh.com', u'umac-64@openssh.com', u'umac-128@openssh.com', u'hmac-sha2-256', u'hmac-sha2-512', u'hmac-sha1'] server mac:[u'umac-64-etm@openssh.com', u'umac-128-etm@openssh.com', u'hmac-sha2-256-etm@openssh.com', u'hmac-sha2-512-etm@openssh.com', u'hmac-sha1-etm@openssh.com', u'umac-64@openssh.com', u'umac-128@openssh.com', u'hmac-sha2-256', u'hmac-sha2-512', u'hmac-sha1'] client compress:[u'none', u'zlib@openssh.com'] server compress:[u'none', u'zlib@openssh.com'] client lang:[u''] server lang:[u''] kex follows?False
DEB [20161216-16:10:02.677] thr=6   paramiko.transport: Kex agreed: diffie-hellman-group14-sha1
DEB [20161216-16:10:02.677] thr=6   paramiko.transport: Cipher agreed: aes128-ctr
DEB [20161216-16:10:02.677] thr=6   paramiko.transport: MAC agreed: hmac-sha2-256
DEB [20161216-16:10:02.677] thr=6   paramiko.transport: Compression agreed: none
DEB [20161216-16:10:02.746] thr=6   paramiko.transport: kex engine KexGroup14 specified hash_algo <built-in function openssl_sha1>
DEB [20161216-16:10:02.746] thr=6   paramiko.transport: Switch to new keys ...
DEB [20161216-16:10:02.756] thr=2   paramiko.transport: Adding ssh-rsa host key for theeditor.ddns.net: 676157cd2e32386c0e9a0f666d24801c
DEB [20161216-16:10:02.796] thr=6   paramiko.transport: userauth is OK
INF [20161216-16:10:04.924] thr=6   paramiko.transport: Authentication (password) failed.
DEB [20161216-16:10:05.026] thr=6   paramiko.transport: EOF in transport thread
DEB [20161216-16:10:06.075] thr=7   paramiko.transport: starting thread (client mode): 0x111cb490L
DEB [20161216-16:10:06.075] thr=7   paramiko.transport: Local version/idstring: SSH-2.0-paramiko_2.0.2
DEB [20161216-16:10:06.092] thr=7   paramiko.transport: Remote version/idstring: SSH-2.0-OpenSSH_6.9p1 Ubuntu-2ubuntu0.2
INF [20161216-16:10:06.092] thr=7   paramiko.transport: Connected (version 2.0, client OpenSSH_6.9p1)
DEB [20161216-16:10:06.100] thr=7   paramiko.transport: kex algos:[u'curve25519-sha256@libssh.org', u'ecdh-sha2-nistp256', u'ecdh-sha2-nistp384', u'ecdh-sha2-nistp521', u'diffie-hellman-group-exchange-sha256', u'diffie-hellman-group14-sha1'] server key:[u'ssh-rsa', u'ssh-dss', u'ecdsa-sha2-nistp256', u'ssh-ed25519'] client encrypt:[u'chacha20-poly1305@openssh.com', u'aes128-ctr', u'aes192-ctr', u'aes256-ctr', u'aes128-gcm@openssh.com', u'aes256-gcm@openssh.com'] server encrypt:[u'chacha20-poly1305@openssh.com', u'aes128-ctr', u'aes192-ctr', u'aes256-ctr', u'aes128-gcm@openssh.com', u'aes256-gcm@openssh.com'] client mac:[u'umac-64-etm@openssh.com', u'umac-128-etm@openssh.com', u'hmac-sha2-256-etm@openssh.com', u'hmac-sha2-512-etm@openssh.com', u'hmac-sha1-etm@openssh.com', u'umac-64@openssh.com', u'umac-128@openssh.com', u'hmac-sha2-256', u'hmac-sha2-512', u'hmac-sha1'] server mac:[u'umac-64-etm@openssh.com', u'umac-128-etm@openssh.com', u'hmac-sha2-256-etm@openssh.com', u'hmac-sha2-512-etm@openssh.com', u'hmac-sha1-etm@openssh.com', u'umac-64@openssh.com', u'umac-128@openssh.com', u'hmac-sha2-256', u'hmac-sha2-512', u'hmac-sha1'] client compress:[u'none', u'zlib@openssh.com'] server compress:[u'none', u'zlib@openssh.com'] client lang:[u''] server lang:[u''] kex follows?False
DEB [20161216-16:10:06.100] thr=7   paramiko.transport: Kex agreed: diffie-hellman-group14-sha1
DEB [20161216-16:10:06.101] thr=7   paramiko.transport: Cipher agreed: aes128-ctr
DEB [20161216-16:10:06.101] thr=7   paramiko.transport: MAC agreed: hmac-sha2-256
DEB [20161216-16:10:06.101] thr=7   paramiko.transport: Compression agreed: none
DEB [20161216-16:10:06.168] thr=7   paramiko.transport: kex engine KexGroup14 specified hash_algo <built-in function openssl_sha1>
DEB [20161216-16:10:06.168] thr=7   paramiko.transport: Switch to new keys ...
DEB [20161216-16:10:06.176] thr=2   paramiko.transport: Adding ssh-rsa host key for theeditor.ddns.net: 676157cd2e32386c0e9a0f666d24801c
DEB [20161216-16:10:06.220] thr=7   paramiko.transport: userauth is OK
DEB [20161216-16:10:07.235] thr=7   paramiko.transport: EOF in transport thread
